<?xml version="1.0" encoding="UTF-8"?>
<testsuite name="GebishOrgSpec" tests="1" skipped="0" failures="0" errors="0" timestamp="2016-02-01T06:41:22" hostname="INsophiag.local" time="15.453">
  <properties/>
  <testcase name="can get to the current Book of Geb" classname="GebishOrgSpec" time="15.453"/>
  <system-out><![CDATA[]]></system-out>
  <system-err><![CDATA[]]></system-err>
</testsuite>
